

Started GET "/" for ::1 at 2015-05-28 14:20:37 -0700
Processing by Rails::WelcomeController#index as HTML
  Rendered /Users/taniyaprabhakar/.rbenv/versions/2.0.0-p481/lib/ruby/gems/2.0.0/gems/railties-4.2.1/lib/rails/templates/rails/welcome/index.html.erb (13.6ms)
Completed 200 OK in 130ms (Views: 42.3ms | ActiveRecord: 0.0ms)


Started GET "/hobbyist" for ::1 at 2015-05-28 14:20:46 -0700

ActionController::RoutingError (No route matches [GET] "/hobbyist"):
  actionpack (4.2.1) lib/action_dispatch/middleware/debug_exceptions.rb:21:in `call'
  web-console (2.1.2) lib/web_console/middleware.rb:37:in `call'
  actionpack (4.2.1) lib/action_dispatch/middleware/show_exceptions.rb:30:in `call'
  railties (4.2.1) lib/rails/rack/logger.rb:38:in `call_app'
  railties (4.2.1) lib/rails/rack/logger.rb:20:in `block in call'
  activesupport (4.2.1) lib/active_support/tagged_logging.rb:68:in `block in tagged'
  activesupport (4.2.1) lib/active_support/tagged_logging.rb:26:in `tagged'
  activesupport (4.2.1) lib/active_support/tagged_logging.rb:68:in `tagged'
  railties (4.2.1) lib/rails/rack/logger.rb:20:in `call'
  actionpack (4.2.1) lib/action_dispatch/middleware/request_id.rb:21:in `call'
  rack (1.6.1) lib/rack/methodoverride.rb:22:in `call'
  rack (1.6.1) lib/rack/runtime.rb:18:in `call'
  activesupport (4.2.1) lib/active_support/cache/strategy/local_cache_middleware.rb:28:in `call'
  rack (1.6.1) lib/rack/lock.rb:17:in `call'
  actionpack (4.2.1) lib/action_dispatch/middleware/static.rb:113:in `call'
  rack (1.6.1) lib/rack/sendfile.rb:113:in `call'
  railties (4.2.1) lib/rails/engine.rb:518:in `call'
  railties (4.2.1) lib/rails/application.rb:164:in `call'
  rack (1.6.1) lib/rack/lock.rb:17:in `call'
  rack (1.6.1) lib/rack/content_length.rb:15:in `call'
  rack (1.6.1) lib/rack/handler/webrick.rb:89:in `service'
  /Users/taniyaprabhakar/.rbenv/versions/2.0.0-p481/lib/ruby/2.0.0/webrick/httpserver.rb:138:in `service'
  /Users/taniyaprabhakar/.rbenv/versions/2.0.0-p481/lib/ruby/2.0.0/webrick/httpserver.rb:94:in `run'
  /Users/taniyaprabhakar/.rbenv/versions/2.0.0-p481/lib/ruby/2.0.0/webrick/server.rb:295:in `block in start_thread'


  Rendered /Users/taniyaprabhakar/.rbenv/versions/2.0.0-p481/lib/ruby/gems/2.0.0/gems/actionpack-4.2.1/lib/action_dispatch/middleware/templates/rescues/_trace.html.erb (2.0ms)
  Rendered /Users/taniyaprabhakar/.rbenv/versions/2.0.0-p481/lib/ruby/gems/2.0.0/gems/actionpack-4.2.1/lib/action_dispatch/middleware/templates/routes/_table.html.erb (71.5ms)
  Rendered /Users/taniyaprabhakar/.rbenv/versions/2.0.0-p481/lib/ruby/gems/2.0.0/gems/actionpack-4.2.1/lib/action_dispatch/middleware/templates/rescues/_request_and_response.html.erb (1.7ms)
  Rendered /Users/taniyaprabhakar/.rbenv/versions/2.0.0-p481/lib/ruby/gems/2.0.0/gems/actionpack-4.2.1/lib/action_dispatch/middleware/templates/rescues/routing_error.html.erb within rescues/layout (124.4ms)
  Rendered /Users/taniyaprabhakar/.rbenv/versions/2.0.0-p481/lib/ruby/gems/2.0.0/gems/web-console-2.1.2/lib/web_console/templates/_markup.html.erb (0.7ms)
  Rendered /Users/taniyaprabhakar/.rbenv/versions/2.0.0-p481/lib/ruby/gems/2.0.0/gems/web-console-2.1.2/lib/web_console/templates/style.css.erb within layouts/inlined_string (0.5ms)
  Rendered /Users/taniyaprabhakar/.rbenv/versions/2.0.0-p481/lib/ruby/gems/2.0.0/gems/web-console-2.1.2/lib/web_console/templates/_inner_console_markup.html.erb within layouts/inlined_string (0.7ms)
  Rendered /Users/taniyaprabhakar/.rbenv/versions/2.0.0-p481/lib/ruby/gems/2.0.0/gems/web-console-2.1.2/lib/web_console/templates/_prompt_box_markup.html.erb within layouts/inlined_string (0.5ms)
  Rendered /Users/taniyaprabhakar/.rbenv/versions/2.0.0-p481/lib/ruby/gems/2.0.0/gems/web-console-2.1.2/lib/web_console/templates/console.js.erb within layouts/javascript (45.0ms)
  Rendered /Users/taniyaprabhakar/.rbenv/versions/2.0.0-p481/lib/ruby/gems/2.0.0/gems/web-console-2.1.2/lib/web_console/templates/main.js.erb within layouts/javascript (0.5ms)
  Rendered /Users/taniyaprabhakar/.rbenv/versions/2.0.0-p481/lib/ruby/gems/2.0.0/gems/web-console-2.1.2/lib/web_console/templates/error_page.js.erb within layouts/javascript (0.6ms)
  Rendered /Users/taniyaprabhakar/.rbenv/versions/2.0.0-p481/lib/ruby/gems/2.0.0/gems/web-console-2.1.2/lib/web_console/templates/index.html.erb (88.4ms)


Started GET "/" for ::1 at 2015-05-28 14:20:51 -0700
Processing by Rails::WelcomeController#index as HTML
  Rendered /Users/taniyaprabhakar/.rbenv/versions/2.0.0-p481/lib/ruby/gems/2.0.0/gems/railties-4.2.1/lib/rails/templates/rails/welcome/index.html.erb (0.1ms)
Completed 200 OK in 2ms (Views: 1.5ms | ActiveRecord: 0.0ms)
